Started by user [8mha:////4JVTYa7Cycnm4ExMb93DXpAHXaRnArtpjRY6WdSRd+BqAAAAnR+LCAAAAAAAAP9b85aBtbiIQTGjNKU4P08vOT+vOD8nVc83PyU1x6OyILUoJzMv2y+/JJUBAhiZGBgqihhk0NSjKDWzXb3RdlLBUSYGJk8GtpzUvPSSDB8G5tKinBIGIZ+sxLJE/ZzEvHT94JKizLx0a6BxUmjGOUNodHsLgAzZEgZB/dLi1CL91LKSytKizOz8skQAH11nMsYAAAA=[0mÒþðèêîâà Åâãåíèÿ Âÿ÷åñëàâîâíà
Running as SYSTEM
Building in workspace C:\Users\kirra\.jenkins\workspace\addressbook
The recommended git tool is: NONE
No credentials specified
 > git.exe rev-parse --resolve-git-dir C:\Users\kirra\.jenkins\workspace\addressbook\.git # timeout=10
Fetching changes from the remote Git repository
 > git.exe config remote.origin.url https://github.com/TyurikovaEvgeniya/EVTyurikova_software-testing # timeout=10
Fetching upstream changes from https://github.com/TyurikovaEvgeniya/EVTyurikova_software-testing
 > git.exe --version # timeout=10
 > git --version # 'git version 2.24.1.windows.2'
 > git.exe fetch --tags --force --progress -- https://github.com/TyurikovaEvgeniya/EVTyurikova_software-testing +refs/heads/*:refs/remotes/origin/* # timeout=10
 > git.exe rev-parse "refs/remotes/origin/master^{commit}" # timeout=10
Checking out Revision a8efc409fd281ff55343f4b4969147df714ae765 (refs/remotes/origin/master)
 > git.exe config core.sparsecheckout # timeout=10
 > git.exe checkout -f a8efc409fd281ff55343f4b4969147df714ae765 # timeout=10
Commit message: "fix"
 > git.exe rev-list --no-walk a8efc409fd281ff55343f4b4969147df714ae765 # timeout=10
[Gradle] - Launching build.
[addressbook] $ cmd.exe /C "gradle.bat clean testGroup && exit %%ERRORLEVEL%%"
FATAL: command execution failed
java.io.IOException: Process working directory 'C:\Users\kirra\.jenkins\workspace\addressbook\addressbook' doesn't exist!
	at hudson.Proc$LocalProc.<init>(Proc.java:252)
	at hudson.Proc$LocalProc.<init>(Proc.java:223)
	at hudson.Launcher$LocalLauncher.launch(Launcher.java:997)
	at hudson.Launcher$ProcStarter.start(Launcher.java:509)
	at hudson.Launcher$ProcStarter.join(Launcher.java:520)
	at hudson.plugins.gradle.Gradle.perform(Gradle.java:318)
	at hudson.tasks.BuildStepMonitor$1.perform(BuildStepMonitor.java:20)
	at hudson.model.AbstractBuild$AbstractBuildExecution.perform(AbstractBuild.java:816)
	at hudson.model.Build$BuildExecution.build(Build.java:199)
	at hudson.model.Build$BuildExecution.doRun(Build.java:164)
	at hudson.model.AbstractBuild$AbstractBuildExecution.run(AbstractBuild.java:524)
	at hudson.model.Run.execute(Run.java:1897)
	at hudson.model.FreeStyleBuild.run(FreeStyleBuild.java:44)
	at hudson.model.ResourceController.execute(ResourceController.java:101)
	at hudson.model.Executor.run(Executor.java:442)
Build step 'Invoke Gradle script' changed build result to FAILURE
Build step 'Invoke Gradle script' marked build as failure
Recording test results
ERROR: Step ‘Publish JUnit test result report’ aborted due to exception: 
org.xml.sax.SAXParseException; lineNumber: 1; columnNumber: 1; Content is not allowed in prolog.
	at com.sun.org.apache.xerces.internal.util.ErrorHandlerWrapper.createSAXParseException(Unknown Source)
	at com.sun.org.apache.xerces.internal.util.ErrorHandlerWrapper.fatalError(Unknown Source)
	at com.sun.org.apache.xerces.internal.impl.XMLErrorReporter.reportError(Unknown Source)
	at com.sun.org.apache.xerces.internal.impl.XMLErrorReporter.reportError(Unknown Source)
	at com.sun.org.apache.xerces.internal.impl.XMLScanner.reportFatalError(Unknown Source)
	at com.sun.org.apache.xerces.internal.impl.XMLDocumentScannerImpl$PrologDriver.next(Unknown Source)
	at com.sun.org.apache.xerces.internal.impl.XMLDocumentScannerImpl.next(Unknown Source)
	at com.sun.org.apache.xerces.internal.impl.XMLNSDocumentScannerImpl.next(Unknown Source)
	at com.sun.org.apache.xerces.internal.impl.XMLDocumentFragmentScannerImpl.scanDocument(Unknown Source)
	at com.sun.org.apache.xerces.internal.parsers.XML11Configuration.parse(Unknown Source)
	at com.sun.org.apache.xerces.internal.parsers.XML11Configuration.parse(Unknown Source)
	at com.sun.org.apache.xerces.internal.parsers.XMLParser.parse(Unknown Source)
	at com.sun.org.apache.xerces.internal.parsers.AbstractSAXParser.parse(Unknown Source)
	at com.sun.org.apache.xerces.internal.jaxp.SAXParserImpl$JAXPSAXParser.parse(Unknown Source)
	at org.dom4j.io.SAXReader.read(SAXReader.java:494)
Caused: org.dom4j.DocumentException: Error on line 1 of document  : Content is not allowed in prolog.
	at org.dom4j.io.SAXReader.read(SAXReader.java:511)
	at org.dom4j.io.SAXReader.read(SAXReader.java:392)
	at hudson.tasks.junit.SuiteResult.parse(SuiteResult.java:177)
	at hudson.tasks.junit.TestResult.parse(TestResult.java:384)
Caused: java.io.IOException: Failed to read C:\Users\kirra\.jenkins\workspace\addressbook\GitHub-sample\build.gradle
Is this really a JUnit report file? Your configuration must be matching too many files
	at hudson.tasks.junit.TestResult.parse(TestResult.java:396)
	at hudson.tasks.junit.TestResult.parsePossiblyEmpty(TestResult.java:314)
	at hudson.tasks.junit.TestResult.parse(TestResult.java:256)
	at hudson.tasks.junit.TestResult.parse(TestResult.java:242)
	at hudson.tasks.junit.TestResult.parse(TestResult.java:220)
	at hudson.tasks.junit.TestResult.<init>(TestResult.java:174)
	at hudson.tasks.junit.JUnitParser$ParseResultCallable.invoke(JUnitParser.java:176)
	at hudson.FilePath.act(FilePath.java:1200)
	at hudson.FilePath.act(FilePath.java:1183)
	at hudson.tasks.junit.JUnitParser.parseResult(JUnitParser.java:118)
	at hudson.tasks.junit.JUnitResultArchiver.parse(JUnitResultArchiver.java:159)
	at hudson.tasks.junit.JUnitResultArchiver.parseAndSummarize(JUnitResultArchiver.java:253)
	at hudson.tasks.junit.JUnitResultArchiver.perform(JUnitResultArchiver.java:176)
	at jenkins.tasks.SimpleBuildStep.perform(SimpleBuildStep.java:123)
	at hudson.tasks.BuildStepCompatibilityLayer.perform(BuildStepCompatibilityLayer.java:79)
	at hudson.tasks.BuildStepMonitor$1.perform(BuildStepMonitor.java:20)
	at hudson.model.AbstractBuild$AbstractBuildExecution.perform(AbstractBuild.java:816)
	at hudson.model.AbstractBuild$AbstractBuildExecution.performAllBuildSteps(AbstractBuild.java:765)
	at hudson.model.Build$BuildExecution.post2(Build.java:179)
	at hudson.model.AbstractBuild$AbstractBuildExecution.post(AbstractBuild.java:709)
	at hudson.model.Run.execute(Run.java:1922)
	at hudson.model.FreeStyleBuild.run(FreeStyleBuild.java:44)
	at hudson.model.ResourceController.execute(ResourceController.java:101)
	at hudson.model.Executor.run(Executor.java:442)
Finished: FAILURE
