Started by user [8mha:////4JVTYa7Cycnm4ExMb93DXpAHXaRnArtpjRY6WdSRd+BqAAAAnR+LCAAAAAAAAP9b85aBtbiIQTGjNKU4P08vOT+vOD8nVc83PyU1x6OyILUoJzMv2y+/JJUBAhiZGBgqihhk0NSjKDWzXb3RdlLBUSYGJk8GtpzUvPSSDB8G5tKinBIGIZ+sxLJE/ZzEvHT94JKizLx0a6BxUmjGOUNodHsLgAzZEgZB/dLi1CL91LKSytKizOz8skQAH11nMsYAAAA=[0mÒþðèêîâà Åâãåíèÿ Âÿ÷åñëàâîâíà
Running as SYSTEM
Building in workspace C:\Users\kirra\.jenkins\workspace\addressbook
The recommended git tool is: NONE
No credentials specified
 > git.exe rev-parse --resolve-git-dir C:\Users\kirra\.jenkins\workspace\addressbook\.git # timeout=10
Fetching changes from the remote Git repository
 > git.exe config remote.origin.url https://github.com/TyurikovaEvgeniya/EVTyurikova_software-testing # timeout=10
Fetching upstream changes from https://github.com/TyurikovaEvgeniya/EVTyurikova_software-testing
 > git.exe --version # timeout=10
 > git --version # 'git version 2.24.1.windows.2'
 > git.exe fetch --tags --force --progress -- https://github.com/TyurikovaEvgeniya/EVTyurikova_software-testing +refs/heads/*:refs/remotes/origin/* # timeout=10
 > git.exe rev-parse "refs/remotes/origin/master^{commit}" # timeout=10
Checking out Revision a8efc409fd281ff55343f4b4969147df714ae765 (refs/remotes/origin/master)
 > git.exe config core.sparsecheckout # timeout=10
 > git.exe checkout -f a8efc409fd281ff55343f4b4969147df714ae765 # timeout=10
Commit message: "fix"
 > git.exe rev-list --no-walk a8efc409fd281ff55343f4b4969147df714ae765 # timeout=10
[Gradle] - Launching build.
[addressbook-web-tests] $ cmd.exe /C "gradle.bat clean testGroup && exit %%ERRORLEVEL%%"
Starting a Gradle Daemon, 1 incompatible and 5 stopped Daemons could not be reused, use --status for details
[8mha:////4GPiZKZPhSjmv6tXePc/XiWmH1TEDAxqMnN99gvyrbQRAAAAYB+LCAAAAAAAAP9b85aBtbiIQSWjNKU4P0+vIKc0PTOvWC+9KDElJ1XPHUyFJBZn++WXpCqzh62PfDo/h4mBoaKIQQqqJTk/rzgfqNYZQoMUMkAAI0hhAQASWqbMYgAAAA==[0m> Task :clean UP-TO-DATE
[8mha:////4GPiZKZPhSjmv6tXePc/XiWmH1TEDAxqMnN99gvyrbQRAAAAYB+LCAAAAAAAAP9b85aBtbiIQSWjNKU4P0+vIKc0PTOvWC+9KDElJ1XPHUyFJBZn++WXpCqzh62PfDo/h4mBoaKIQQqqJTk/rzgfqNYZQoMUMkAAI0hhAQASWqbMYgAAAA==[0m> Task :compileJava NO-SOURCE
[8mha:////4GPiZKZPhSjmv6tXePc/XiWmH1TEDAxqMnN99gvyrbQRAAAAYB+LCAAAAAAAAP9b85aBtbiIQSWjNKU4P0+vIKc0PTOvWC+9KDElJ1XPHUyFJBZn++WXpCqzh62PfDo/h4mBoaKIQQqqJTk/rzgfqNYZQoMUMkAAI0hhAQASWqbMYgAAAA==[0m> Task :processResources NO-SOURCE
[8mha:////4GPiZKZPhSjmv6tXePc/XiWmH1TEDAxqMnN99gvyrbQRAAAAYB+LCAAAAAAAAP9b85aBtbiIQSWjNKU4P0+vIKc0PTOvWC+9KDElJ1XPHUyFJBZn++WXpCqzh62PfDo/h4mBoaKIQQqqJTk/rzgfqNYZQoMUMkAAI0hhAQASWqbMYgAAAA==[0m> Task :classes UP-TO-DATE

[8mha:////4GPiZKZPhSjmv6tXePc/XiWmH1TEDAxqMnN99gvyrbQRAAAAYB+LCAAAAAAAAP9b85aBtbiIQSWjNKU4P0+vIKc0PTOvWC+9KDElJ1XPHUyFJBZn++WXpCqzh62PfDo/h4mBoaKIQQqqJTk/rzgfqNYZQoMUMkAAI0hhAQASWqbMYgAAAA==[0m> Task :compileTestJava
Note: Some input files use unchecked or unsafe operations.
Note: Recompile with -Xlint:unchecked for details.

[8mha:////4GPiZKZPhSjmv6tXePc/XiWmH1TEDAxqMnN99gvyrbQRAAAAYB+LCAAAAAAAAP9b85aBtbiIQSWjNKU4P0+vIKc0PTOvWC+9KDElJ1XPHUyFJBZn++WXpCqzh62PfDo/h4mBoaKIQQqqJTk/rzgfqNYZQoMUMkAAI0hhAQASWqbMYgAAAA==[0m> Task :processTestResources
[8mha:////4GPiZKZPhSjmv6tXePc/XiWmH1TEDAxqMnN99gvyrbQRAAAAYB+LCAAAAAAAAP9b85aBtbiIQSWjNKU4P0+vIKc0PTOvWC+9KDElJ1XPHUyFJBZn++WXpCqzh62PfDo/h4mBoaKIQQqqJTk/rzgfqNYZQoMUMkAAI0hhAQASWqbMYgAAAA==[0m> Task :testClasses
[8mha:////4GPiZKZPhSjmv6tXePc/XiWmH1TEDAxqMnN99gvyrbQRAAAAYB+LCAAAAAAAAP9b85aBtbiIQSWjNKU4P0+vIKc0PTOvWC+9KDElJ1XPHUyFJBZn++WXpCqzh62PfDo/h4mBoaKIQQqqJTk/rzgfqNYZQoMUMkAAI0hhAQASWqbMYgAAAA==[0m> Task :testGroups

[8mha:////4EWJfsNfUgDKhpY3wdGbjGoAPmBv7aLs2PfU9GT0H2ckAAAAYx+LCAAAAAAAAP9b85aBtbiIQT2jNKU4P0+vIKc0PTOvWC+9KDElJ1XPHUz5l5Yk5+em+uWXpNbNmqZ4mHPZIiYGhooiBimoruT8vOJ8oHJnCA1SyAABjCCFBQBI197DZQAAAA==[0mBUILD SUCCESSFUL in 16s
4 actionable tasks: 3 executed, 1 up-to-date
Build step 'Invoke Gradle script' changed build result to SUCCESS
[addressbook] $ cmd /c call C:\Users\kirra\AppData\Local\Temp\jenkins92588936275138360.bat

C:\Users\kirra\.jenkins\workspace\addressbook>chromedriver --version 
ChromeDriver 104.0.5112.79 (3cf3e8c8a07d104b9e1260c910efb8f383285dc5-refs/branch-heads/5112@{#1307})

C:\Users\kirra\.jenkins\workspace\addressbook>where chromedriver 
V:\Soft\Tools\chromedriver.exe

C:\Users\kirra\.jenkins\workspace\addressbook>exit 0 
Recording test results
ERROR: Step ‘Publish JUnit test result report’ aborted due to exception: 
org.xml.sax.SAXParseException; lineNumber: 1; columnNumber: 1; Content is not allowed in prolog.
	at com.sun.org.apache.xerces.internal.util.ErrorHandlerWrapper.createSAXParseException(Unknown Source)
	at com.sun.org.apache.xerces.internal.util.ErrorHandlerWrapper.fatalError(Unknown Source)
	at com.sun.org.apache.xerces.internal.impl.XMLErrorReporter.reportError(Unknown Source)
	at com.sun.org.apache.xerces.internal.impl.XMLErrorReporter.reportError(Unknown Source)
	at com.sun.org.apache.xerces.internal.impl.XMLScanner.reportFatalError(Unknown Source)
	at com.sun.org.apache.xerces.internal.impl.XMLDocumentScannerImpl$PrologDriver.next(Unknown Source)
	at com.sun.org.apache.xerces.internal.impl.XMLDocumentScannerImpl.next(Unknown Source)
	at com.sun.org.apache.xerces.internal.impl.XMLNSDocumentScannerImpl.next(Unknown Source)
	at com.sun.org.apache.xerces.internal.impl.XMLDocumentFragmentScannerImpl.scanDocument(Unknown Source)
	at com.sun.org.apache.xerces.internal.parsers.XML11Configuration.parse(Unknown Source)
	at com.sun.org.apache.xerces.internal.parsers.XML11Configuration.parse(Unknown Source)
	at com.sun.org.apache.xerces.internal.parsers.XMLParser.parse(Unknown Source)
	at com.sun.org.apache.xerces.internal.parsers.AbstractSAXParser.parse(Unknown Source)
	at com.sun.org.apache.xerces.internal.jaxp.SAXParserImpl$JAXPSAXParser.parse(Unknown Source)
	at org.dom4j.io.SAXReader.read(SAXReader.java:494)
Caused: org.dom4j.DocumentException: Error on line 1 of document  : Content is not allowed in prolog.
	at org.dom4j.io.SAXReader.read(SAXReader.java:511)
	at org.dom4j.io.SAXReader.read(SAXReader.java:392)
	at hudson.tasks.junit.SuiteResult.parse(SuiteResult.java:177)
	at hudson.tasks.junit.TestResult.parse(TestResult.java:384)
Caused: java.io.IOException: Failed to read C:\Users\kirra\.jenkins\workspace\addressbook\GitHub-sample\build.gradle
Is this really a JUnit report file? Your configuration must be matching too many files
	at hudson.tasks.junit.TestResult.parse(TestResult.java:396)
	at hudson.tasks.junit.TestResult.parsePossiblyEmpty(TestResult.java:314)
	at hudson.tasks.junit.TestResult.parse(TestResult.java:256)
	at hudson.tasks.junit.TestResult.parse(TestResult.java:242)
	at hudson.tasks.junit.TestResult.parse(TestResult.java:220)
	at hudson.tasks.junit.TestResult.<init>(TestResult.java:174)
	at hudson.tasks.junit.JUnitParser$ParseResultCallable.invoke(JUnitParser.java:176)
	at hudson.FilePath.act(FilePath.java:1200)
	at hudson.FilePath.act(FilePath.java:1183)
	at hudson.tasks.junit.JUnitParser.parseResult(JUnitParser.java:118)
	at hudson.tasks.junit.JUnitResultArchiver.parse(JUnitResultArchiver.java:159)
	at hudson.tasks.junit.JUnitResultArchiver.parseAndSummarize(JUnitResultArchiver.java:253)
	at hudson.tasks.junit.JUnitResultArchiver.perform(JUnitResultArchiver.java:176)
	at jenkins.tasks.SimpleBuildStep.perform(SimpleBuildStep.java:123)
	at hudson.tasks.BuildStepCompatibilityLayer.perform(BuildStepCompatibilityLayer.java:79)
	at hudson.tasks.BuildStepMonitor$1.perform(BuildStepMonitor.java:20)
	at hudson.model.AbstractBuild$AbstractBuildExecution.perform(AbstractBuild.java:816)
	at hudson.model.AbstractBuild$AbstractBuildExecution.performAllBuildSteps(AbstractBuild.java:765)
	at hudson.model.Build$BuildExecution.post2(Build.java:179)
	at hudson.model.AbstractBuild$AbstractBuildExecution.post(AbstractBuild.java:709)
	at hudson.model.Run.execute(Run.java:1922)
	at hudson.model.FreeStyleBuild.run(FreeStyleBuild.java:44)
	at hudson.model.ResourceController.execute(ResourceController.java:101)
	at hudson.model.Executor.run(Executor.java:442)
Finished: FAILURE
